<?xml version="1.0" encoding="UTF-8"?>
<testng-results ignored="0" total="3" passed="3" failed="0" skipped="0">
  <reporter-output>
  </reporter-output>
  <suite started-at="2025-08-25T09:41:03 IST" name="Default suite" finished-at="2025-08-25T09:41:45 IST" duration-ms="41576">
    <groups>
    </groups>
    <test started-at="2025-08-25T09:41:03 IST" name="Default test" finished-at="2025-08-25T09:41:45 IST" duration-ms="41576">
      <class name="August20.DataProviders">
        <test-method signature="Login(java.lang.String,java.lang.String)[pri:0, instance:August20.DataProviders@117159c0]" started-at="2025-08-25T09:41:03 IST" name="Login" data-provider="LoginData" finished-at="2025-08-25T09:41:32 IST" duration-ms="28638" status="PASS">
          <params>
            <param index="0">
              <value>
                <![CDATA[student]]>
              </value>
            </param>
            <param index="1">
              <value>
                <![CDATA[Password123]]>
              </value>
            </param>
          </params>
          <reporter-output>
          </reporter-output>
        </test-method> <!-- Login -->
        <test-method signature="Login(java.lang.String,java.lang.String)[pri:0, instance:August20.DataProviders@117159c0]" started-at="2025-08-25T09:41:32 IST" name="Login" data-provider="LoginData" finished-at="2025-08-25T09:41:38 IST" duration-ms="6378" status="PASS">
          <params>
            <param index="0">
              <value>
                <![CDATA[Student]]>
              </value>
            </param>
            <param index="1">
              <value>
                <![CDATA[Pass]]>
              </value>
            </param>
          </params>
          <reporter-output>
          </reporter-output>
        </test-method> <!-- Login -->
        <test-method signature="Login(java.lang.String,java.lang.String)[pri:0, instance:August20.DataProviders@117159c0]" started-at="2025-08-25T09:41:38 IST" name="Login" data-provider="LoginData" finished-at="2025-08-25T09:41:45 IST" duration-ms="6491" status="PASS">
          <params>
            <param index="0">
              <value>
                <![CDATA[ssss]]>
              </value>
            </param>
            <param index="1">
              <value>
                <![CDATA[pppp]]>
              </value>
            </param>
          </params>
          <reporter-output>
          </reporter-output>
        </test-method> <!-- Login -->
      </class> <!-- August20.DataProviders -->
    </test> <!-- Default test -->
  </suite> <!-- Default suite -->
</testng-results>
