<?xml version="1.0" encoding="UTF-8"?>
<testng-results ignored="0" total="1" passed="1" failed="0" skipped="0">
  <reporter-output>
  </reporter-output>
  <suite started-at="2025-08-19T17:41:16 IST" name="Default suite" finished-at="2025-08-19T17:41:29 IST" duration-ms="13023">
    <groups>
    </groups>
    <test started-at="2025-08-19T17:41:16 IST" name="Default test" finished-at="2025-08-19T17:41:29 IST" duration-ms="13023">
      <class name="August19_testNG.ExcelRead">
        <test-method signature="login()[pri:0, instance:August19_testNG.ExcelRead@449a4f23]" started-at="2025-08-19T17:41:16 IST" name="login" finished-at="2025-08-19T17:41:29 IST" duration-ms="12966" status="PASS">
          <reporter-output>
          </reporter-output>
        </test-method> <!-- login -->
      </class> <!-- August19_testNG.ExcelRead -->
    </test> <!-- Default test -->
  </suite> <!-- Default suite -->
</testng-results>
