<?xml version="1.0" encoding="UTF-8"?>
<!-- Generated by org.testng.reporters.JUnitXMLReporter -->
<testsuite ignored="1" hostname="LAPTOP-GL6IC0TT" failures="0" tests="2" name="Lab4Test" time="5.181" errors="0" timestamp="2025-08-19T09:23:29 IST">
  <testcase classname="LabSession_August17.Lab3" name="launchApp" time="3.506"/>
  <testcase classname="LabSession_August17.Lab3" name="ForValidCredentials" time="1.658"/>
  <testcase classname="LabSession_August17.Lab3" name="ForInvalidCredentials" time="0.0">
    <ignored/>
  </testcase> <!-- ForInvalidCredentials -->
</testsuite> <!-- Lab4Test -->
