<?xml version="1.0" encoding="UTF-8"?>
<!-- Generated by org.testng.reporters.JUnitXMLReporter -->
<testsuite ignored="0" hostname="LAPTOP-GL6IC0TT" failures="0" tests="3" name="Default test" time="41.576" errors="0" timestamp="2025-08-25T09:41:45 IST">
  <testcase classname="August20.DataProviders" name="Login" time="28.638"/>
  <testcase classname="August20.DataProviders" name="Login" time="6.378"/>
  <testcase classname="August20.DataProviders" name="Login" time="6.491"/>
</testsuite> <!-- Default test -->
