<?xml version="1.0" encoding="UTF-8"?>
<testng-results ignored="0" total="2" passed="2" failed="0" skipped="0">
  <reporter-output>
  </reporter-output>
  <suite started-at="2025-08-23T12:18:32 IST" name="Suite" finished-at="2025-08-23T12:18:43 IST" duration-ms="10364">
    <groups>
    </groups>
    <test started-at="2025-08-23T12:18:32 IST" name="Test" finished-at="2025-08-23T12:18:43 IST" duration-ms="10364">
      <class name="LabSession_August19.AllInOne">
        <test-method is-config="true" signature="setup()[pri:0, instance:LabSession_August19.AllInOne@130c12b7]" started-at="2025-08-23T12:18:32 IST" name="setup" finished-at="2025-08-23T12:18:37 IST" duration-ms="4245" status="PASS">
          <reporter-output>
          </reporter-output>
        </test-method> <!-- setup -->
        <test-method signature="ValidLogin()[pri:1, instance:LabSession_August19.AllInOne@130c12b7]" started-at="2025-08-23T12:18:37 IST" name="ValidLogin" finished-at="2025-08-23T12:18:38 IST" duration-ms="1654" status="PASS">
          <reporter-output>
          </reporter-output>
        </test-method> <!-- ValidLogin -->
        <test-method is-config="true" signature="tearDown()[pri:0, instance:LabSession_August19.AllInOne@130c12b7]" started-at="2025-08-23T12:18:38 IST" name="tearDown" finished-at="2025-08-23T12:18:38 IST" duration-ms="160" status="PASS">
          <reporter-output>
          </reporter-output>
        </test-method> <!-- tearDown -->
        <test-method is-config="true" signature="setup()[pri:0, instance:LabSession_August19.AllInOne@130c12b7]" started-at="2025-08-23T12:18:38 IST" name="setup" finished-at="2025-08-23T12:18:41 IST" duration-ms="2560" status="PASS">
          <reporter-output>
          </reporter-output>
        </test-method> <!-- setup -->
        <test-method signature="InValidLogin()[pri:2, instance:LabSession_August19.AllInOne@130c12b7]" started-at="2025-08-23T12:18:41 IST" name="InValidLogin" finished-at="2025-08-23T12:18:43 IST" duration-ms="1525" status="PASS">
          <reporter-output>
          </reporter-output>
        </test-method> <!-- InValidLogin -->
        <test-method is-config="true" signature="tearDown()[pri:0, instance:LabSession_August19.AllInOne@130c12b7]" started-at="2025-08-23T12:18:43 IST" name="tearDown" finished-at="2025-08-23T12:18:43 IST" duration-ms="163" status="PASS">
          <reporter-output>
          </reporter-output>
        </test-method> <!-- tearDown -->
      </class> <!-- LabSession_August19.AllInOne -->
    </test> <!-- Test -->
  </suite> <!-- Suite -->
</testng-results>
