<?xml version="1.0" encoding="UTF-8"?>
<testng-results ignored="0" total="3" passed="3" failed="0" skipped="0">
  <reporter-output>
  </reporter-output>
  <suite started-at="2025-08-25T09:43:35 IST" name="Suite" finished-at="2025-08-25T09:43:56 IST" duration-ms="21520">
    <groups>
    </groups>
    <test started-at="2025-08-25T09:43:35 IST" name="Test" finished-at="2025-08-25T09:43:56 IST" duration-ms="21520">
      <class name="August20.DataProviders">
        <test-method signature="Login(java.lang.String,java.lang.String)[pri:0, instance:August20.DataProviders@576d5deb]" started-at="2025-08-25T09:43:35 IST" name="Login" data-provider="LoginData" finished-at="2025-08-25T09:43:44 IST" duration-ms="8940" status="PASS">
          <params>
            <param index="0">
              <value>
                <![CDATA[student]]>
              </value>
            </param>
            <param index="1">
              <value>
                <![CDATA[Password123]]>
              </value>
            </param>
          </params>
          <reporter-output>
          </reporter-output>
        </test-method> <!-- Login -->
        <test-method signature="Login(java.lang.String,java.lang.String)[pri:0, instance:August20.DataProviders@576d5deb]" started-at="2025-08-25T09:43:44 IST" name="Login" data-provider="LoginData" finished-at="2025-08-25T09:43:50 IST" duration-ms="6440" status="PASS">
          <params>
            <param index="0">
              <value>
                <![CDATA[Student]]>
              </value>
            </param>
            <param index="1">
              <value>
                <![CDATA[Pass]]>
              </value>
            </param>
          </params>
          <reporter-output>
          </reporter-output>
        </test-method> <!-- Login -->
        <test-method signature="Login(java.lang.String,java.lang.String)[pri:0, instance:August20.DataProviders@576d5deb]" started-at="2025-08-25T09:43:50 IST" name="Login" data-provider="LoginData" finished-at="2025-08-25T09:43:56 IST" duration-ms="6094" status="PASS">
          <params>
            <param index="0">
              <value>
                <![CDATA[ssss]]>
              </value>
            </param>
            <param index="1">
              <value>
                <![CDATA[pppp]]>
              </value>
            </param>
          </params>
          <reporter-output>
          </reporter-output>
        </test-method> <!-- Login -->
      </class> <!-- August20.DataProviders -->
    </test> <!-- Test -->
  </suite> <!-- Suite -->
</testng-results>
